2023-02-22 19:09:10 [172.17.0.1][-][-][error][yii\web\HttpException:404] yii\base\InvalidRouteException: Unable to resolve the request "user/new". in /vendor/yiisoft/yii2/base/Module.php:561
Stack trace:
#0 /vendor/yiisoft/yii2/web/Application.php(103): yii\base\Module->runAction('user/new', Array)
#1 /vendor/yiisoft/yii2/base/Application.php(384): yii\web\Application->handleRequest(Object(yii\web\Request))
#2 /reporting_app/web/index.php(19): yii\base\Application->run()
#3 {main}

Next yii\web\NotFoundHttpException: Page not found. in /vendor/yiisoft/yii2/web/Application.php:115
Stack trace:
#0 /vendor/yiisoft/yii2/base/Application.php(384): yii\web\Application->handleRequest(Object(yii\web\Request))
#1 /reporting_app/web/index.php(19): yii\base\Application->run()
#2 {main}
2023-02-22 19:09:10 [172.17.0.1][-][-][info][application] $_GET = []

$_POST = []

$_FILES = []

$_COOKIE = [
    '_csrf' => '3f6044a0ac4f9090bd994defc5d524e913ae581a83d52d0ce52a90f523ef47dca:2:{i:0;s:5:\"_csrf\";i:1;s:32:\"mQzYbIKvibBwn84AqycZrMjsdrp4hjei\";}'
    'PHPSESSID' => '4a54f46e88bae6f812d99d690dd42f94'
]

$_SERVER = [
    'DOCUMENT_ROOT' => '/reporting_app/web'
    'REMOTE_ADDR' => '172.17.0.1'
    'REMOTE_PORT' => '59338'
    'SERVER_SOFTWARE' => 'PHP 8.2.3 Development Server'
    'SERVER_PROTOCOL' => 'HTTP/1.1'
    'SERVER_NAME' => '0.0.0.0'
    'SERVER_PORT' => '8000'
    'REQUEST_URI' => '/user/new'
    'REQUEST_METHOD' => 'GET'
    'SCRIPT_NAME' => '/index.php'
    'SCRIPT_FILENAME' => '/reporting_app/web/index.php'
    'PATH_INFO' => '/user/new'
    'PHP_SELF' => '/index.php/user/new'
    'HTTP_HOST' => '172.17.0.6:8000'
    'HTTP_USER_AGENT' => 'Mozilla/5.0 (X11; Linux x86_64; rv:102.0) Gecko/20100101 Firefox/102.0'
    'HTTP_ACCEPT' => 'text/html,application/xhtml+xml,application/xml;q=0.9,image/avif,image/webp,*/*;q=0.8'
    'HTTP_ACCEPT_LANGUAGE' => 'en-US,en;q=0.5'
    'HTTP_ACCEPT_ENCODING' => 'gzip, deflate'
    'HTTP_CONNECTION' => 'keep-alive'
    'HTTP_COOKIE' => '_csrf=3f6044a0ac4f9090bd994defc5d524e913ae581a83d52d0ce52a90f523ef47dca%3A2%3A%7Bi%3A0%3Bs%3A5%3A%22_csrf%22%3Bi%3A1%3Bs%3A32%3A%22mQzYbIKvibBwn84AqycZrMjsdrp4hjei%22%3B%7D; PHPSESSID=4a54f46e88bae6f812d99d690dd42f94'
    'HTTP_UPGRADE_INSECURE_REQUESTS' => '1'
    'REQUEST_TIME_FLOAT' => 1677092950.0252
    'REQUEST_TIME' => 1677092950
    'argv' => []
    'argc' => 0
    'DB_USER' => 'db_user'
    'DB_PASSWORD' => '12345'
    'DB_NAME' => 'reporting'
    'DB_HOST' => '172.17.0.5'
    'DB_PORT' => '3308'
    'PASSWORD_SALT' => 'asQ2?12UI'
    'ACCESS_TOKEN_SALT' => 'sdQWsM096'
    'REFRESH_TOKEN_SALT' => '2sdERKC0!'
]
2023-02-22 19:09:13 [172.17.0.1][-][-][info][yii\web\Session::open] Session started
2023-02-22 19:09:13 [172.17.0.1][-][-][info][yii\db\Command::query] SELECT * FROM users WHERE id=:id
2023-02-22 19:09:13 [172.17.0.1][-][-][info][yii\db\Connection::open] Opening DB connection: mysql:host=172.17.0.5;dbname=reporting;port=3308
2023-02-22 19:09:13 [172.17.0.1][-][-][profile begin][yii\db\Connection::open] Opening DB connection: mysql:host=172.17.0.5;dbname=reporting;port=3308
2023-02-22 19:09:13 [172.17.0.1][-][-][profile end][yii\db\Connection::open] Opening DB connection: mysql:host=172.17.0.5;dbname=reporting;port=3308
2023-02-22 19:09:13 [172.17.0.1][-][-][profile begin][yii\db\Command::query] SELECT * FROM users WHERE id=:id
2023-02-22 19:09:13 [172.17.0.1][-][-][profile end][yii\db\Command::query] SELECT * FROM users WHERE id=:id
2023-02-22 19:09:13 [172.17.0.1][-][-][info][application] $_GET = []

$_POST = []

$_FILES = []

$_COOKIE = [
    '_csrf' => '3f6044a0ac4f9090bd994defc5d524e913ae581a83d52d0ce52a90f523ef47dca:2:{i:0;s:5:\"_csrf\";i:1;s:32:\"mQzYbIKvibBwn84AqycZrMjsdrp4hjei\";}'
    'PHPSESSID' => '4a54f46e88bae6f812d99d690dd42f94'
]

$_SESSION = [
    '__flash' => []
    'access_token' => 'eyJ0eXAiOiJKV1QiLCJhbGciOiJIUzI1NiJ9.eyJpc3MiOiI3ODc4ZTUxMy0yOTRjLTRjZDAtOGJiNi0yYWFjNjJhMmQxNjUiLCJpYXQiOjE2NzcwOTI3MzEsImV4cCI6MTY3NzA5MzYzMX0.zDe0d15PWzrBwbeE99OlnULldRHZu3AYNtdIgGA-inU'
    'refresh_token' => 'eyJ0eXAiOiJKV1QiLCJhbGciOiJIUzI1NiJ9.eyJpc3MiOiI3ODc4ZTUxMy0yOTRjLTRjZDAtOGJiNi0yYWFjNjJhMmQxNjUiLCJpYXQiOjE2NzcwOTI3MzEsImV4cCI6MTY3NzE3OTEzMX0.EYlKw5I-BiEfVhXduiX2RFuIX1nn2G-9_l2Ro99MsZM'
]

$_SERVER = [
    'DOCUMENT_ROOT' => '/reporting_app/web'
    'REMOTE_ADDR' => '172.17.0.1'
    'REMOTE_PORT' => '59342'
    'SERVER_SOFTWARE' => 'PHP 8.2.3 Development Server'
    'SERVER_PROTOCOL' => 'HTTP/1.1'
    'SERVER_NAME' => '0.0.0.0'
    'SERVER_PORT' => '8000'
    'REQUEST_URI' => '/users/new'
    'REQUEST_METHOD' => 'GET'
    'SCRIPT_NAME' => '/index.php'
    'SCRIPT_FILENAME' => '/reporting_app/web/index.php'
    'PATH_INFO' => '/users/new'
    'PHP_SELF' => '/index.php/users/new'
    'HTTP_HOST' => '172.17.0.6:8000'
    'HTTP_USER_AGENT' => 'Mozilla/5.0 (X11; Linux x86_64; rv:102.0) Gecko/20100101 Firefox/102.0'
    'HTTP_ACCEPT' => 'text/html,application/xhtml+xml,application/xml;q=0.9,image/avif,image/webp,*/*;q=0.8'
    'HTTP_ACCEPT_LANGUAGE' => 'en-US,en;q=0.5'
    'HTTP_ACCEPT_ENCODING' => 'gzip, deflate'
    'HTTP_CONNECTION' => 'keep-alive'
    'HTTP_COOKIE' => '_csrf=3f6044a0ac4f9090bd994defc5d524e913ae581a83d52d0ce52a90f523ef47dca%3A2%3A%7Bi%3A0%3Bs%3A5%3A%22_csrf%22%3Bi%3A1%3Bs%3A32%3A%22mQzYbIKvibBwn84AqycZrMjsdrp4hjei%22%3B%7D; PHPSESSID=4a54f46e88bae6f812d99d690dd42f94'
    'HTTP_UPGRADE_INSECURE_REQUESTS' => '1'
    'REQUEST_TIME_FLOAT' => 1677092953.4766
    'REQUEST_TIME' => 1677092953
    'argv' => []
    'argc' => 0
    'DB_USER' => 'db_user'
    'DB_PASSWORD' => '12345'
    'DB_NAME' => 'reporting'
    'DB_HOST' => '172.17.0.5'
    'DB_PORT' => '3308'
    'PASSWORD_SALT' => 'asQ2?12UI'
    'ACCESS_TOKEN_SALT' => 'sdQWsM096'
    'REFRESH_TOKEN_SALT' => '2sdERKC0!'
]
2023-02-22 19:09:24 [172.17.0.1][-][-][info][yii\web\Session::open] Session started
2023-02-22 19:09:24 [172.17.0.1][-][-][info][application] $_GET = []

$_POST = []

$_FILES = []

$_COOKIE = []

$_SESSION = [
    '__flash' => []
]

$_SERVER = [
    'DOCUMENT_ROOT' => '/reporting_app/web'
    'REMOTE_ADDR' => '172.17.0.1'
    'REMOTE_PORT' => '55858'
    'SERVER_SOFTWARE' => 'PHP 8.2.3 Development Server'
    'SERVER_PROTOCOL' => 'HTTP/1.1'
    'SERVER_NAME' => '0.0.0.0'
    'SERVER_PORT' => '8000'
    'REQUEST_URI' => '/users/new'
    'REQUEST_METHOD' => 'GET'
    'SCRIPT_NAME' => '/index.php'
    'SCRIPT_FILENAME' => '/reporting_app/web/index.php'
    'PATH_INFO' => '/users/new'
    'PHP_SELF' => '/index.php/users/new'
    'HTTP_HOST' => '172.17.0.6:8000'
    'HTTP_USER_AGENT' => 'Mozilla/5.0 (X11; Linux x86_64; rv:102.0) Gecko/20100101 Firefox/102.0'
    'HTTP_ACCEPT' => 'text/html,application/xhtml+xml,application/xml;q=0.9,image/avif,image/webp,*/*;q=0.8'
    'HTTP_ACCEPT_LANGUAGE' => 'en-US,en;q=0.5'
    'HTTP_ACCEPT_ENCODING' => 'gzip, deflate'
    'HTTP_DNT' => '1'
    'HTTP_CONNECTION' => 'keep-alive'
    'HTTP_UPGRADE_INSECURE_REQUESTS' => '1'
    'HTTP_PRAGMA' => 'no-cache'
    'HTTP_CACHE_CONTROL' => 'no-cache'
    'REQUEST_TIME_FLOAT' => 1677092964.6032
    'REQUEST_TIME' => 1677092964
    'argv' => []
    'argc' => 0
    'DB_USER' => 'db_user'
    'DB_PASSWORD' => '12345'
    'DB_NAME' => 'reporting'
    'DB_HOST' => '172.17.0.5'
    'DB_PORT' => '3308'
    'PASSWORD_SALT' => 'asQ2?12UI'
    'ACCESS_TOKEN_SALT' => 'sdQWsM096'
    'REFRESH_TOKEN_SALT' => '2sdERKC0!'
]
2023-02-22 19:16:21 [172.17.0.1][-][-][info][yii\web\Session::open] Session started
2023-02-22 19:16:21 [172.17.0.1][-][-][info][yii\db\Command::query] SELECT * FROM users WHERE id=:id
2023-02-22 19:16:21 [172.17.0.1][-][-][info][yii\db\Connection::open] Opening DB connection: mysql:host=172.17.0.5;dbname=reporting;port=3308
2023-02-22 19:16:21 [172.17.0.1][-][-][profile begin][yii\db\Connection::open] Opening DB connection: mysql:host=172.17.0.5;dbname=reporting;port=3308
2023-02-22 19:16:21 [172.17.0.1][-][-][profile end][yii\db\Connection::open] Opening DB connection: mysql:host=172.17.0.5;dbname=reporting;port=3308
2023-02-22 19:16:21 [172.17.0.1][-][-][profile begin][yii\db\Command::query] SELECT * FROM users WHERE id=:id
2023-02-22 19:16:21 [172.17.0.1][-][-][profile end][yii\db\Command::query] SELECT * FROM users WHERE id=:id
2023-02-22 19:16:21 [172.17.0.1][-][-][info][application] $_GET = []

$_POST = []

$_FILES = []

$_COOKIE = [
    '_csrf' => '3f6044a0ac4f9090bd994defc5d524e913ae581a83d52d0ce52a90f523ef47dca:2:{i:0;s:5:\"_csrf\";i:1;s:32:\"mQzYbIKvibBwn84AqycZrMjsdrp4hjei\";}'
    'PHPSESSID' => '4a54f46e88bae6f812d99d690dd42f94'
]

$_SESSION = [
    '__flash' => []
    'access_token' => 'eyJ0eXAiOiJKV1QiLCJhbGciOiJIUzI1NiJ9.eyJpc3MiOiI3ODc4ZTUxMy0yOTRjLTRjZDAtOGJiNi0yYWFjNjJhMmQxNjUiLCJpYXQiOjE2NzcwOTI3MzEsImV4cCI6MTY3NzA5MzYzMX0.zDe0d15PWzrBwbeE99OlnULldRHZu3AYNtdIgGA-inU'
    'refresh_token' => 'eyJ0eXAiOiJKV1QiLCJhbGciOiJIUzI1NiJ9.eyJpc3MiOiI3ODc4ZTUxMy0yOTRjLTRjZDAtOGJiNi0yYWFjNjJhMmQxNjUiLCJpYXQiOjE2NzcwOTI3MzEsImV4cCI6MTY3NzE3OTEzMX0.EYlKw5I-BiEfVhXduiX2RFuIX1nn2G-9_l2Ro99MsZM'
]

$_SERVER = [
    'DOCUMENT_ROOT' => '/reporting_app/web'
    'REMOTE_ADDR' => '172.17.0.1'
    'REMOTE_PORT' => '36460'
    'SERVER_SOFTWARE' => 'PHP 8.2.3 Development Server'
    'SERVER_PROTOCOL' => 'HTTP/1.1'
    'SERVER_NAME' => '0.0.0.0'
    'SERVER_PORT' => '8000'
    'REQUEST_URI' => '/reports'
    'REQUEST_METHOD' => 'GET'
    'SCRIPT_NAME' => '/index.php'
    'SCRIPT_FILENAME' => '/reporting_app/web/index.php'
    'PATH_INFO' => '/reports'
    'PHP_SELF' => '/index.php/reports'
    'HTTP_HOST' => '172.17.0.6:8000'
    'HTTP_USER_AGENT' => 'Mozilla/5.0 (X11; Linux x86_64; rv:102.0) Gecko/20100101 Firefox/102.0'
    'HTTP_ACCEPT' => 'text/html,application/xhtml+xml,application/xml;q=0.9,image/avif,image/webp,*/*;q=0.8'
    'HTTP_ACCEPT_LANGUAGE' => 'en-US,en;q=0.5'
    'HTTP_ACCEPT_ENCODING' => 'gzip, deflate'
    'HTTP_CONNECTION' => 'keep-alive'
    'HTTP_COOKIE' => '_csrf=3f6044a0ac4f9090bd994defc5d524e913ae581a83d52d0ce52a90f523ef47dca%3A2%3A%7Bi%3A0%3Bs%3A5%3A%22_csrf%22%3Bi%3A1%3Bs%3A32%3A%22mQzYbIKvibBwn84AqycZrMjsdrp4hjei%22%3B%7D; PHPSESSID=4a54f46e88bae6f812d99d690dd42f94'
    'HTTP_UPGRADE_INSECURE_REQUESTS' => '1'
    'REQUEST_TIME_FLOAT' => 1677093381.4368
    'REQUEST_TIME' => 1677093381
    'argv' => []
    'argc' => 0
    'DB_USER' => 'db_user'
    'DB_PASSWORD' => '12345'
    'DB_NAME' => 'reporting'
    'DB_HOST' => '172.17.0.5'
    'DB_PORT' => '3308'
    'PASSWORD_SALT' => 'asQ2?12UI'
    'ACCESS_TOKEN_SALT' => 'sdQWsM096'
    'REFRESH_TOKEN_SALT' => '2sdERKC0!'
]
2023-02-23 16:19:13 [172.17.0.1][-][-][error][yii\web\HttpException:404] yii\base\InvalidRouteException: Unable to resolve the request "". in /vendor/yiisoft/yii2/base/Module.php:561
Stack trace:
#0 /vendor/yiisoft/yii2/web/Application.php(103): yii\base\Module->runAction('', Array)
#1 /vendor/yiisoft/yii2/base/Application.php(384): yii\web\Application->handleRequest(Object(yii\web\Request))
#2 /reporting_app/web/index.php(19): yii\base\Application->run()
#3 {main}

Next yii\web\NotFoundHttpException: Page not found. in /vendor/yiisoft/yii2/web/Application.php:115
Stack trace:
#0 /vendor/yiisoft/yii2/base/Application.php(384): yii\web\Application->handleRequest(Object(yii\web\Request))
#1 /reporting_app/web/index.php(19): yii\base\Application->run()
#2 {main}
2023-02-23 16:19:13 [172.17.0.1][-][-][info][application] $_GET = []

$_POST = []

$_FILES = []

$_COOKIE = []

$_SERVER = [
    'DOCUMENT_ROOT' => '/reporting_app/web'
    'REMOTE_ADDR' => '172.17.0.1'
    'REMOTE_PORT' => '49440'
    'SERVER_SOFTWARE' => 'PHP 8.2.3 Development Server'
    'SERVER_PROTOCOL' => 'HTTP/1.1'
    'SERVER_NAME' => '0.0.0.0'
    'SERVER_PORT' => '8000'
    'REQUEST_URI' => '/'
    'REQUEST_METHOD' => 'GET'
    'SCRIPT_NAME' => '/index.php'
    'SCRIPT_FILENAME' => '/reporting_app/web/index.php'
    'PHP_SELF' => '/index.php'
    'HTTP_HOST' => '172.17.0.4:8000'
    'HTTP_USER_AGENT' => 'Mozilla/5.0 (X11; Linux x86_64; rv:102.0) Gecko/20100101 Firefox/102.0'
    'HTTP_ACCEPT' => 'text/html,application/xhtml+xml,application/xml;q=0.9,image/avif,image/webp,*/*;q=0.8'
    'HTTP_ACCEPT_LANGUAGE' => 'en-US,en;q=0.5'
    'HTTP_ACCEPT_ENCODING' => 'gzip, deflate'
    'HTTP_CONNECTION' => 'keep-alive'
    'HTTP_UPGRADE_INSECURE_REQUESTS' => '1'
    'REQUEST_TIME_FLOAT' => 1677169153.7822
    'REQUEST_TIME' => 1677169153
    'argv' => []
    'argc' => 0
    'DB_USER' => 'db_user'
    'DB_PASSWORD' => '12345'
    'DB_NAME' => 'reporting'
    'DB_HOST' => '172.17.0.2'
    'DB_PORT' => '3308'
    'PASSWORD_SALT' => 'asQ2?12UI'
    'ACCESS_TOKEN_SALT' => 'sdQWsM096'
    'REFRESH_TOKEN_SALT' => '2sdERKC0!'
]
2023-02-23 16:19:19 [172.17.0.1][-][-][info][yii\web\Session::open] Session started
2023-02-23 16:19:19 [172.17.0.1][-][-][info][application] $_GET = []

$_POST = []

$_FILES = []

$_COOKIE = []

$_SESSION = [
    '__flash' => []
]

$_SERVER = [
    'DOCUMENT_ROOT' => '/reporting_app/web'
    'REMOTE_ADDR' => '172.17.0.1'
    'REMOTE_PORT' => '49454'
    'SERVER_SOFTWARE' => 'PHP 8.2.3 Development Server'
    'SERVER_PROTOCOL' => 'HTTP/1.1'
    'SERVER_NAME' => '0.0.0.0'
    'SERVER_PORT' => '8000'
    'REQUEST_URI' => '/users/new'
    'REQUEST_METHOD' => 'GET'
    'SCRIPT_NAME' => '/index.php'
    'SCRIPT_FILENAME' => '/reporting_app/web/index.php'
    'PATH_INFO' => '/users/new'
    'PHP_SELF' => '/index.php/users/new'
    'HTTP_HOST' => '172.17.0.4:8000'
    'HTTP_USER_AGENT' => 'Mozilla/5.0 (X11; Linux x86_64; rv:102.0) Gecko/20100101 Firefox/102.0'
    'HTTP_ACCEPT' => 'text/html,application/xhtml+xml,application/xml;q=0.9,image/avif,image/webp,*/*;q=0.8'
    'HTTP_ACCEPT_LANGUAGE' => 'en-US,en;q=0.5'
    'HTTP_ACCEPT_ENCODING' => 'gzip, deflate'
    'HTTP_CONNECTION' => 'keep-alive'
    'HTTP_UPGRADE_INSECURE_REQUESTS' => '1'
    'REQUEST_TIME_FLOAT' => 1677169159.5582
    'REQUEST_TIME' => 1677169159
    'argv' => []
    'argc' => 0
    'DB_USER' => 'db_user'
    'DB_PASSWORD' => '12345'
    'DB_NAME' => 'reporting'
    'DB_HOST' => '172.17.0.2'
    'DB_PORT' => '3308'
    'PASSWORD_SALT' => 'asQ2?12UI'
    'ACCESS_TOKEN_SALT' => 'sdQWsM096'
    'REFRESH_TOKEN_SALT' => '2sdERKC0!'
]
2023-02-23 16:19:21 [172.17.0.1][-][-][info][yii\web\Session::open] Session started
2023-02-23 16:19:21 [172.17.0.1][-][-][info][application] $_GET = []

$_POST = []

$_FILES = []

$_COOKIE = [
    'PHPSESSID' => '30cf18cde758b5b8fb95ac5f46b0eddf'
    '_csrf' => '9c039138d0a0ace89f58bec9ee21aa053a31ec9f9e799a3b7d7bbd033024afd3a:2:{i:0;s:5:\"_csrf\";i:1;s:32:\"u5tKPiV5v0MoseW1Niyg6ZHTpsx6nfwW\";}'
]

$_SESSION = [
    '__flash' => []
]

$_SERVER = [
    'DOCUMENT_ROOT' => '/reporting_app/web'
    'REMOTE_ADDR' => '172.17.0.1'
    'REMOTE_PORT' => '36000'
    'SERVER_SOFTWARE' => 'PHP 8.2.3 Development Server'
    'SERVER_PROTOCOL' => 'HTTP/1.1'
    'SERVER_NAME' => '0.0.0.0'
    'SERVER_PORT' => '8000'
    'REQUEST_URI' => '/users/auth'
    'REQUEST_METHOD' => 'GET'
    'SCRIPT_NAME' => '/index.php'
    'SCRIPT_FILENAME' => '/reporting_app/web/index.php'
    'PATH_INFO' => '/users/auth'
    'PHP_SELF' => '/index.php/users/auth'
    'HTTP_HOST' => '172.17.0.4:8000'
    'HTTP_USER_AGENT' => 'Mozilla/5.0 (X11; Linux x86_64; rv:102.0) Gecko/20100101 Firefox/102.0'
    'HTTP_ACCEPT' => 'text/html,application/xhtml+xml,application/xml;q=0.9,image/avif,image/webp,*/*;q=0.8'
    'HTTP_ACCEPT_LANGUAGE' => 'en-US,en;q=0.5'
    'HTTP_ACCEPT_ENCODING' => 'gzip, deflate'
    'HTTP_CONNECTION' => 'keep-alive'
    'HTTP_REFERER' => 'http://172.17.0.4:8000/users/new'
    'HTTP_COOKIE' => 'PHPSESSID=30cf18cde758b5b8fb95ac5f46b0eddf; _csrf=9c039138d0a0ace89f58bec9ee21aa053a31ec9f9e799a3b7d7bbd033024afd3a%3A2%3A%7Bi%3A0%3Bs%3A5%3A%22_csrf%22%3Bi%3A1%3Bs%3A32%3A%22u5tKPiV5v0MoseW1Niyg6ZHTpsx6nfwW%22%3B%7D'
    'HTTP_UPGRADE_INSECURE_REQUESTS' => '1'
    'REQUEST_TIME_FLOAT' => 1677169161.7652
    'REQUEST_TIME' => 1677169161
    'argv' => []
    'argc' => 0
    'DB_USER' => 'db_user'
    'DB_PASSWORD' => '12345'
    'DB_NAME' => 'reporting'
    'DB_HOST' => '172.17.0.2'
    'DB_PORT' => '3308'
    'PASSWORD_SALT' => 'asQ2?12UI'
    'ACCESS_TOKEN_SALT' => 'sdQWsM096'
    'REFRESH_TOKEN_SALT' => '2sdERKC0!'
]
2023-02-23 16:19:25 [172.17.0.1][-][-][info][yii\web\Session::open] Session started
2023-02-23 16:19:25 [172.17.0.1][-][-][info][application] $_GET = []

$_POST = []

$_FILES = []

$_COOKIE = [
    'PHPSESSID' => '30cf18cde758b5b8fb95ac5f46b0eddf'
    '_csrf' => '9c039138d0a0ace89f58bec9ee21aa053a31ec9f9e799a3b7d7bbd033024afd3a:2:{i:0;s:5:\"_csrf\";i:1;s:32:\"u5tKPiV5v0MoseW1Niyg6ZHTpsx6nfwW\";}'
]

$_SESSION = [
    '__flash' => []
]

$_SERVER = [
    'DOCUMENT_ROOT' => '/reporting_app/web'
    'REMOTE_ADDR' => '172.17.0.1'
    'REMOTE_PORT' => '36042'
    'SERVER_SOFTWARE' => 'PHP 8.2.3 Development Server'
    'SERVER_PROTOCOL' => 'HTTP/1.1'
    'SERVER_NAME' => '0.0.0.0'
    'SERVER_PORT' => '8000'
    'REQUEST_URI' => '/users/new'
    'REQUEST_METHOD' => 'GET'
    'SCRIPT_NAME' => '/index.php'
    'SCRIPT_FILENAME' => '/reporting_app/web/index.php'
    'PATH_INFO' => '/users/new'
    'PHP_SELF' => '/index.php/users/new'
    'HTTP_HOST' => '172.17.0.4:8000'
    'HTTP_USER_AGENT' => 'Mozilla/5.0 (X11; Linux x86_64; rv:102.0) Gecko/20100101 Firefox/102.0'
    'HTTP_ACCEPT' => 'text/html,application/xhtml+xml,application/xml;q=0.9,image/avif,image/webp,*/*;q=0.8'
    'HTTP_ACCEPT_LANGUAGE' => 'en-US,en;q=0.5'
    'HTTP_ACCEPT_ENCODING' => 'gzip, deflate'
    'HTTP_CONNECTION' => 'keep-alive'
    'HTTP_REFERER' => 'http://172.17.0.4:8000/users/auth'
    'HTTP_COOKIE' => 'PHPSESSID=30cf18cde758b5b8fb95ac5f46b0eddf; _csrf=9c039138d0a0ace89f58bec9ee21aa053a31ec9f9e799a3b7d7bbd033024afd3a%3A2%3A%7Bi%3A0%3Bs%3A5%3A%22_csrf%22%3Bi%3A1%3Bs%3A32%3A%22u5tKPiV5v0MoseW1Niyg6ZHTpsx6nfwW%22%3B%7D'
    'HTTP_UPGRADE_INSECURE_REQUESTS' => '1'
    'REQUEST_TIME_FLOAT' => 1677169165.6838
    'REQUEST_TIME' => 1677169165
    'argv' => []
    'argc' => 0
    'DB_USER' => 'db_user'
    'DB_PASSWORD' => '12345'
    'DB_NAME' => 'reporting'
    'DB_HOST' => '172.17.0.2'
    'DB_PORT' => '3308'
    'PASSWORD_SALT' => 'asQ2?12UI'
    'ACCESS_TOKEN_SALT' => 'sdQWsM096'
    'REFRESH_TOKEN_SALT' => '2sdERKC0!'
]
2023-02-23 16:19:43 [172.17.0.1][-][-][info][yii\db\Connection::open] Opening DB connection: mysql:host=172.17.0.2;dbname=reporting;port=3308
2023-02-23 16:19:43 [172.17.0.1][-][-][profile begin][yii\db\Connection::open] Opening DB connection: mysql:host=172.17.0.2;dbname=reporting;port=3308
2023-02-23 16:19:43 [172.17.0.1][-][-][profile end][yii\db\Connection::open] Opening DB connection: mysql:host=172.17.0.2;dbname=reporting;port=3308
2023-02-23 16:19:43 [172.17.0.1][-][-][info][yii\db\Command::query] SHOW FULL COLUMNS FROM `users`
2023-02-23 16:19:43 [172.17.0.1][-][-][profile begin][yii\db\Command::query] SHOW FULL COLUMNS FROM `users`
2023-02-23 16:19:43 [172.17.0.1][-][-][profile end][yii\db\Command::query] SHOW FULL COLUMNS FROM `users`
2023-02-23 16:19:43 [172.17.0.1][-][-][info][yii\db\Command::query] SELECT
    `kcu`.`CONSTRAINT_NAME` AS `constraint_name`,
    `kcu`.`COLUMN_NAME` AS `column_name`,
    `kcu`.`REFERENCED_TABLE_NAME` AS `referenced_table_name`,
    `kcu`.`REFERENCED_COLUMN_NAME` AS `referenced_column_name`
FROM `information_schema`.`REFERENTIAL_CONSTRAINTS` AS `rc`
JOIN `information_schema`.`KEY_COLUMN_USAGE` AS `kcu` ON
    (
        `kcu`.`CONSTRAINT_CATALOG` = `rc`.`CONSTRAINT_CATALOG` OR
        (`kcu`.`CONSTRAINT_CATALOG` IS NULL AND `rc`.`CONSTRAINT_CATALOG` IS NULL)
    ) AND
    `kcu`.`CONSTRAINT_SCHEMA` = `rc`.`CONSTRAINT_SCHEMA` AND
    `kcu`.`CONSTRAINT_NAME` = `rc`.`CONSTRAINT_NAME`
WHERE `rc`.`CONSTRAINT_SCHEMA` = database() AND `kcu`.`TABLE_SCHEMA` = database()
AND `rc`.`TABLE_NAME` = 'users' AND `kcu`.`TABLE_NAME` = 'users'
2023-02-23 16:19:43 [172.17.0.1][-][-][profile begin][yii\db\Command::query] SELECT
    `kcu`.`CONSTRAINT_NAME` AS `constraint_name`,
    `kcu`.`COLUMN_NAME` AS `column_name`,
    `kcu`.`REFERENCED_TABLE_NAME` AS `referenced_table_name`,
    `kcu`.`REFERENCED_COLUMN_NAME` AS `referenced_column_name`
FROM `information_schema`.`REFERENTIAL_CONSTRAINTS` AS `rc`
JOIN `information_schema`.`KEY_COLUMN_USAGE` AS `kcu` ON
    (
        `kcu`.`CONSTRAINT_CATALOG` = `rc`.`CONSTRAINT_CATALOG` OR
        (`kcu`.`CONSTRAINT_CATALOG` IS NULL AND `rc`.`CONSTRAINT_CATALOG` IS NULL)
    ) AND
    `kcu`.`CONSTRAINT_SCHEMA` = `rc`.`CONSTRAINT_SCHEMA` AND
    `kcu`.`CONSTRAINT_NAME` = `rc`.`CONSTRAINT_NAME`
WHERE `rc`.`CONSTRAINT_SCHEMA` = database() AND `kcu`.`TABLE_SCHEMA` = database()
AND `rc`.`TABLE_NAME` = 'users' AND `kcu`.`TABLE_NAME` = 'users'
2023-02-23 16:19:43 [172.17.0.1][-][-][profile end][yii\db\Command::query] SELECT
    `kcu`.`CONSTRAINT_NAME` AS `constraint_name`,
    `kcu`.`COLUMN_NAME` AS `column_name`,
    `kcu`.`REFERENCED_TABLE_NAME` AS `referenced_table_name`,
    `kcu`.`REFERENCED_COLUMN_NAME` AS `referenced_column_name`
FROM `information_schema`.`REFERENTIAL_CONSTRAINTS` AS `rc`
JOIN `information_schema`.`KEY_COLUMN_USAGE` AS `kcu` ON
    (
        `kcu`.`CONSTRAINT_CATALOG` = `rc`.`CONSTRAINT_CATALOG` OR
        (`kcu`.`CONSTRAINT_CATALOG` IS NULL AND `rc`.`CONSTRAINT_CATALOG` IS NULL)
    ) AND
    `kcu`.`CONSTRAINT_SCHEMA` = `rc`.`CONSTRAINT_SCHEMA` AND
    `kcu`.`CONSTRAINT_NAME` = `rc`.`CONSTRAINT_NAME`
WHERE `rc`.`CONSTRAINT_SCHEMA` = database() AND `kcu`.`TABLE_SCHEMA` = database()
AND `rc`.`TABLE_NAME` = 'users' AND `kcu`.`TABLE_NAME` = 'users'
2023-02-23 16:19:43 [172.17.0.1][-][-][info][yii\db\Command::execute] INSERT INTO `users` (`id`, `created`, `name`, `surname`, `email`, `password`, `role`, `department`) VALUES ('87d69c58-a142-4ade-8f02-f607823c1c9a', '2023-02-23 04:02', 'name', 'name', 'name@gmail.com', 'as91sbY4C1q7.', 'USER', 'ACCOUNTING')
2023-02-23 16:19:43 [172.17.0.1][-][-][profile begin][yii\db\Command::execute] INSERT INTO `users` (`id`, `created`, `name`, `surname`, `email`, `password`, `role`, `department`) VALUES ('87d69c58-a142-4ade-8f02-f607823c1c9a', '2023-02-23 04:02', 'name', 'name', 'name@gmail.com', 'as91sbY4C1q7.', 'USER', 'ACCOUNTING')
2023-02-23 16:19:43 [172.17.0.1][-][-][profile end][yii\db\Command::execute] INSERT INTO `users` (`id`, `created`, `name`, `surname`, `email`, `password`, `role`, `department`) VALUES ('87d69c58-a142-4ade-8f02-f607823c1c9a', '2023-02-23 04:02', 'name', 'name', 'name@gmail.com', 'as91sbY4C1q7.', 'USER', 'ACCOUNTING')
2023-02-23 16:19:43 [172.17.0.1][-][-][info][application] $_GET = []

$_POST = [
    '_csrf' => 'WwChAnSH4k7xVlwcjk-ZchyR9STUwGkYYF4U6UjT8tIuNdVJJO60e4dmEXP9Ks5DUviMQ-KaIUwQLWzfJrWFhQ=='
    'email' => 'name@gmail.com'
    'name' => 'name'
    'surname' => 'name'
    'role' => 'user'
    'department' => 'accounting'
    'password' => '12345'
    'confirm_password' => '12345'
]

$_FILES = []

$_COOKIE = [
    'PHPSESSID' => '30cf18cde758b5b8fb95ac5f46b0eddf'
    '_csrf' => '9c039138d0a0ace89f58bec9ee21aa053a31ec9f9e799a3b7d7bbd033024afd3a:2:{i:0;s:5:\"_csrf\";i:1;s:32:\"u5tKPiV5v0MoseW1Niyg6ZHTpsx6nfwW\";}'
]

$_SERVER = [
    'DOCUMENT_ROOT' => '/reporting_app/web'
    'REMOTE_ADDR' => '172.17.0.1'
    'REMOTE_PORT' => '50670'
    'SERVER_SOFTWARE' => 'PHP 8.2.3 Development Server'
    'SERVER_PROTOCOL' => 'HTTP/1.1'
    'SERVER_NAME' => '0.0.0.0'
    'SERVER_PORT' => '8000'
    'REQUEST_URI' => '/users'
    'REQUEST_METHOD' => 'POST'
    'SCRIPT_NAME' => '/index.php'
    'SCRIPT_FILENAME' => '/reporting_app/web/index.php'
    'PATH_INFO' => '/users'
    'PHP_SELF' => '/index.php/users'
    'HTTP_HOST' => '172.17.0.4:8000'
    'HTTP_USER_AGENT' => 'Mozilla/5.0 (X11; Linux x86_64; rv:102.0) Gecko/20100101 Firefox/102.0'
    'HTTP_ACCEPT' => 'text/html,application/xhtml+xml,application/xml;q=0.9,image/avif,image/webp,*/*;q=0.8'
    'HTTP_ACCEPT_LANGUAGE' => 'en-US,en;q=0.5'
    'HTTP_ACCEPT_ENCODING' => 'gzip, deflate'
    'CONTENT_TYPE' => 'application/x-www-form-urlencoded'
    'HTTP_CONTENT_TYPE' => 'application/x-www-form-urlencoded'
    'CONTENT_LENGTH' => '214'
    'HTTP_CONTENT_LENGTH' => '214'
    'HTTP_ORIGIN' => 'http://172.17.0.4:8000'
    'HTTP_CONNECTION' => 'keep-alive'
    'HTTP_REFERER' => 'http://172.17.0.4:8000/users/new'
    'HTTP_COOKIE' => 'PHPSESSID=30cf18cde758b5b8fb95ac5f46b0eddf; _csrf=9c039138d0a0ace89f58bec9ee21aa053a31ec9f9e799a3b7d7bbd033024afd3a%3A2%3A%7Bi%3A0%3Bs%3A5%3A%22_csrf%22%3Bi%3A1%3Bs%3A32%3A%22u5tKPiV5v0MoseW1Niyg6ZHTpsx6nfwW%22%3B%7D'
    'HTTP_UPGRADE_INSECURE_REQUESTS' => '1'
    'REQUEST_TIME_FLOAT' => 1677169183.2042
    'REQUEST_TIME' => 1677169183
    'argv' => []
    'argc' => 0
    'DB_USER' => 'db_user'
    'DB_PASSWORD' => '12345'
    'DB_NAME' => 'reporting'
    'DB_HOST' => '172.17.0.2'
    'DB_PORT' => '3308'
    'PASSWORD_SALT' => 'asQ2?12UI'
    'ACCESS_TOKEN_SALT' => 'sdQWsM096'
    'REFRESH_TOKEN_SALT' => '2sdERKC0!'
]
2023-02-23 16:19:43 [172.17.0.1][-][-][info][yii\web\Session::open] Session started
2023-02-23 16:19:43 [172.17.0.1][-][-][info][application] $_GET = [
    'success' => '1'
    'message' => 'You have successfully registered'
]

$_POST = []

$_FILES = []

$_COOKIE = [
    'PHPSESSID' => '30cf18cde758b5b8fb95ac5f46b0eddf'
    '_csrf' => '9c039138d0a0ace89f58bec9ee21aa053a31ec9f9e799a3b7d7bbd033024afd3a:2:{i:0;s:5:\"_csrf\";i:1;s:32:\"u5tKPiV5v0MoseW1Niyg6ZHTpsx6nfwW\";}'
]

$_SESSION = [
    '__flash' => []
]

$_SERVER = [
    'DOCUMENT_ROOT' => '/reporting_app/web'
    'REMOTE_ADDR' => '172.17.0.1'
    'REMOTE_PORT' => '50680'
    'SERVER_SOFTWARE' => 'PHP 8.2.3 Development Server'
    'SERVER_PROTOCOL' => 'HTTP/1.1'
    'SERVER_NAME' => '0.0.0.0'
    'SERVER_PORT' => '8000'
    'REQUEST_URI' => '/users/new?success=1&message=You+have+successfully+registered'
    'REQUEST_METHOD' => 'GET'
    'SCRIPT_NAME' => '/index.php'
    'SCRIPT_FILENAME' => '/reporting_app/web/index.php'
    'PATH_INFO' => '/users/new'
    'PHP_SELF' => '/index.php/users/new'
    'QUERY_STRING' => 'success=1&message=You+have+successfully+registered'
    'HTTP_HOST' => '172.17.0.4:8000'
    'HTTP_USER_AGENT' => 'Mozilla/5.0 (X11; Linux x86_64; rv:102.0) Gecko/20100101 Firefox/102.0'
    'HTTP_ACCEPT' => 'text/html,application/xhtml+xml,application/xml;q=0.9,image/avif,image/webp,*/*;q=0.8'
    'HTTP_ACCEPT_LANGUAGE' => 'en-US,en;q=0.5'
    'HTTP_ACCEPT_ENCODING' => 'gzip, deflate'
    'HTTP_REFERER' => 'http://172.17.0.4:8000/users/new'
    'HTTP_CONNECTION' => 'keep-alive'
    'HTTP_COOKIE' => 'PHPSESSID=30cf18cde758b5b8fb95ac5f46b0eddf; _csrf=9c039138d0a0ace89f58bec9ee21aa053a31ec9f9e799a3b7d7bbd033024afd3a%3A2%3A%7Bi%3A0%3Bs%3A5%3A%22_csrf%22%3Bi%3A1%3Bs%3A32%3A%22u5tKPiV5v0MoseW1Niyg6ZHTpsx6nfwW%22%3B%7D'
    'HTTP_UPGRADE_INSECURE_REQUESTS' => '1'
    'REQUEST_TIME_FLOAT' => 1677169183.2711
    'REQUEST_TIME' => 1677169183
    'argv' => [
        0 => 'success=1&message=You'
        1 => 'have'
        2 => 'successfully'
        3 => 'registered'
    ]
    'argc' => 4
    'DB_USER' => 'db_user'
    'DB_PASSWORD' => '12345'
    'DB_NAME' => 'reporting'
    'DB_HOST' => '172.17.0.2'
    'DB_PORT' => '3308'
    'PASSWORD_SALT' => 'asQ2?12UI'
    'ACCESS_TOKEN_SALT' => 'sdQWsM096'
    'REFRESH_TOKEN_SALT' => '2sdERKC0!'
]
2023-02-23 16:19:49 [172.17.0.1][-][-][info][yii\web\Session::open] Session started
2023-02-23 16:19:49 [172.17.0.1][-][-][info][application] $_GET = []

$_POST = []

$_FILES = []

$_COOKIE = [
    'PHPSESSID' => '30cf18cde758b5b8fb95ac5f46b0eddf'
    '_csrf' => '9c039138d0a0ace89f58bec9ee21aa053a31ec9f9e799a3b7d7bbd033024afd3a:2:{i:0;s:5:\"_csrf\";i:1;s:32:\"u5tKPiV5v0MoseW1Niyg6ZHTpsx6nfwW\";}'
]

$_SESSION = [
    '__flash' => []
]

$_SERVER = [
    'DOCUMENT_ROOT' => '/reporting_app/web'
    'REMOTE_ADDR' => '172.17.0.1'
    'REMOTE_PORT' => '50704'
    'SERVER_SOFTWARE' => 'PHP 8.2.3 Development Server'
    'SERVER_PROTOCOL' => 'HTTP/1.1'
    'SERVER_NAME' => '0.0.0.0'
    'SERVER_PORT' => '8000'
    'REQUEST_URI' => '/users/auth'
    'REQUEST_METHOD' => 'GET'
    'SCRIPT_NAME' => '/index.php'
    'SCRIPT_FILENAME' => '/reporting_app/web/index.php'
    'PATH_INFO' => '/users/auth'
    'PHP_SELF' => '/index.php/users/auth'
    'HTTP_HOST' => '172.17.0.4:8000'
    'HTTP_USER_AGENT' => 'Mozilla/5.0 (X11; Linux x86_64; rv:102.0) Gecko/20100101 Firefox/102.0'
    'HTTP_ACCEPT' => 'text/html,application/xhtml+xml,application/xml;q=0.9,image/avif,image/webp,*/*;q=0.8'
    'HTTP_ACCEPT_LANGUAGE' => 'en-US,en;q=0.5'
    'HTTP_ACCEPT_ENCODING' => 'gzip, deflate'
    'HTTP_CONNECTION' => 'keep-alive'
    'HTTP_REFERER' => 'http://172.17.0.4:8000/users/new?success=1&message=You+have+successfully+registered'
    'HTTP_COOKIE' => 'PHPSESSID=30cf18cde758b5b8fb95ac5f46b0eddf; _csrf=9c039138d0a0ace89f58bec9ee21aa053a31ec9f9e799a3b7d7bbd033024afd3a%3A2%3A%7Bi%3A0%3Bs%3A5%3A%22_csrf%22%3Bi%3A1%3Bs%3A32%3A%22u5tKPiV5v0MoseW1Niyg6ZHTpsx6nfwW%22%3B%7D'
    'HTTP_UPGRADE_INSECURE_REQUESTS' => '1'
    'REQUEST_TIME_FLOAT' => 1677169189.2227
    'REQUEST_TIME' => 1677169189
    'argv' => []
    'argc' => 0
    'DB_USER' => 'db_user'
    'DB_PASSWORD' => '12345'
    'DB_NAME' => 'reporting'
    'DB_HOST' => '172.17.0.2'
    'DB_PORT' => '3308'
    'PASSWORD_SALT' => 'asQ2?12UI'
    'ACCESS_TOKEN_SALT' => 'sdQWsM096'
    'REFRESH_TOKEN_SALT' => '2sdERKC0!'
]
2023-02-23 16:19:53 [172.17.0.1][-][-][info][yii\db\Connection::open] Opening DB connection: mysql:host=172.17.0.2;dbname=reporting;port=3308
2023-02-23 16:19:53 [172.17.0.1][-][-][profile begin][yii\db\Connection::open] Opening DB connection: mysql:host=172.17.0.2;dbname=reporting;port=3308
2023-02-23 16:19:53 [172.17.0.1][-][-][profile end][yii\db\Connection::open] Opening DB connection: mysql:host=172.17.0.2;dbname=reporting;port=3308
2023-02-23 16:19:53 [172.17.0.1][-][-][info][yii\db\Command::query] SELECT * FROM users WHERE email='name@gmail.com'
2023-02-23 16:19:53 [172.17.0.1][-][-][profile begin][yii\db\Command::query] SELECT * FROM users WHERE email='name@gmail.com'
2023-02-23 16:19:53 [172.17.0.1][-][-][profile end][yii\db\Command::query] SELECT * FROM users WHERE email='name@gmail.com'
2023-02-23 16:19:53 [172.17.0.1][-][-][info][yii\web\Session::open] Session started
2023-02-23 16:19:53 [172.17.0.1][-][-][info][application] $_GET = []

$_POST = [
    '_csrf' => '6e3A1HKM8etc3yMB67S_tHVGfWdkdXFticjVrq7Xmu-c2LSfIuWn3irvbm6Y0eiFOy8EAFIvOTn5u62YwLHtuA=='
    'email' => 'name@gmail.com'
    'password' => '12345'
]

$_FILES = []

$_COOKIE = [
    'PHPSESSID' => '30cf18cde758b5b8fb95ac5f46b0eddf'
    '_csrf' => '9c039138d0a0ace89f58bec9ee21aa053a31ec9f9e799a3b7d7bbd033024afd3a:2:{i:0;s:5:\"_csrf\";i:1;s:32:\"u5tKPiV5v0MoseW1Niyg6ZHTpsx6nfwW\";}'
]

$_SESSION = [
    '__flash' => []
    'access_token' => 'eyJ0eXAiOiJKV1QiLCJhbGciOiJIUzI1NiJ9.eyJpc3MiOiI4N2Q2OWM1OC1hMTQyLTRhZGUtOGYwMi1mNjA3ODIzYzFjOWEiLCJpYXQiOjE2NzcxNjkxOTMsImV4cCI6MTY3NzE3MDA5M30.QVlMgM7aDDSRgKsPmNDtLxtT1DKXhT1b6lhGYaj2I1Q'
    'refresh_token' => 'eyJ0eXAiOiJKV1QiLCJhbGciOiJIUzI1NiJ9.eyJpc3MiOiI4N2Q2OWM1OC1hMTQyLTRhZGUtOGYwMi1mNjA3ODIzYzFjOWEiLCJpYXQiOjE2NzcxNjkxOTMsImV4cCI6MTY3NzI1NTU5M30.p_O-Nbd4cQ-rN4FbpQMMNYhISsOhh8I9xZKWuFkcGus'
]

$_SERVER = [
    'DOCUMENT_ROOT' => '/reporting_app/web'
    'REMOTE_ADDR' => '172.17.0.1'
    'REMOTE_PORT' => '49142'
    'SERVER_SOFTWARE' => 'PHP 8.2.3 Development Server'
    'SERVER_PROTOCOL' => 'HTTP/1.1'
    'SERVER_NAME' => '0.0.0.0'
    'SERVER_PORT' => '8000'
    'REQUEST_URI' => '/users/session'
    'REQUEST_METHOD' => 'POST'
    'SCRIPT_NAME' => '/index.php'
    'SCRIPT_FILENAME' => '/reporting_app/web/index.php'
    'PATH_INFO' => '/users/session'
    'PHP_SELF' => '/index.php/users/session'
    'HTTP_HOST' => '172.17.0.4:8000'
    'HTTP_USER_AGENT' => 'Mozilla/5.0 (X11; Linux x86_64; rv:102.0) Gecko/20100101 Firefox/102.0'
    'HTTP_ACCEPT' => 'text/html,application/xhtml+xml,application/xml;q=0.9,image/avif,image/webp,*/*;q=0.8'
    'HTTP_ACCEPT_LANGUAGE' => 'en-US,en;q=0.5'
    'HTTP_ACCEPT_ENCODING' => 'gzip, deflate'
    'CONTENT_TYPE' => 'application/x-www-form-urlencoded'
    'HTTP_CONTENT_TYPE' => 'application/x-www-form-urlencoded'
    'CONTENT_LENGTH' => '136'
    'HTTP_CONTENT_LENGTH' => '136'
    'HTTP_ORIGIN' => 'http://172.17.0.4:8000'
    'HTTP_CONNECTION' => 'keep-alive'
    'HTTP_REFERER' => 'http://172.17.0.4:8000/users/auth'
    'HTTP_COOKIE' => 'PHPSESSID=30cf18cde758b5b8fb95ac5f46b0eddf; _csrf=9c039138d0a0ace89f58bec9ee21aa053a31ec9f9e799a3b7d7bbd033024afd3a%3A2%3A%7Bi%3A0%3Bs%3A5%3A%22_csrf%22%3Bi%3A1%3Bs%3A32%3A%22u5tKPiV5v0MoseW1Niyg6ZHTpsx6nfwW%22%3B%7D'
    'HTTP_UPGRADE_INSECURE_REQUESTS' => '1'
    'REQUEST_TIME_FLOAT' => 1677169193.5483
    'REQUEST_TIME' => 1677169193
    'argv' => []
    'argc' => 0
    'DB_USER' => 'db_user'
    'DB_PASSWORD' => '12345'
    'DB_NAME' => 'reporting'
    'DB_HOST' => '172.17.0.2'
    'DB_PORT' => '3308'
    'PASSWORD_SALT' => 'asQ2?12UI'
    'ACCESS_TOKEN_SALT' => 'sdQWsM096'
    'REFRESH_TOKEN_SALT' => '2sdERKC0!'
]
2023-02-23 16:19:53 [172.17.0.1][-][-][error][yii\web\HttpException:404] yii\base\InvalidRouteException: Unable to resolve the request "reports". in /vendor/yiisoft/yii2/base/Module.php:561
Stack trace:
#0 /vendor/yiisoft/yii2/web/Application.php(103): yii\base\Module->runAction('reports', Array)
#1 /vendor/yiisoft/yii2/base/Application.php(384): yii\web\Application->handleRequest(Object(yii\web\Request))
#2 /reporting_app/web/index.php(19): yii\base\Application->run()
#3 {main}

Next yii\web\NotFoundHttpException: Page not found. in /vendor/yiisoft/yii2/web/Application.php:115
Stack trace:
#0 /vendor/yiisoft/yii2/base/Application.php(384): yii\web\Application->handleRequest(Object(yii\web\Request))
#1 /reporting_app/web/index.php(19): yii\base\Application->run()
#2 {main}
2023-02-23 16:19:53 [172.17.0.1][-][-][info][application] $_GET = []

$_POST = []

$_FILES = []

$_COOKIE = [
    'PHPSESSID' => '30cf18cde758b5b8fb95ac5f46b0eddf'
    '_csrf' => '9c039138d0a0ace89f58bec9ee21aa053a31ec9f9e799a3b7d7bbd033024afd3a:2:{i:0;s:5:\"_csrf\";i:1;s:32:\"u5tKPiV5v0MoseW1Niyg6ZHTpsx6nfwW\";}'
]

$_SERVER = [
    'DOCUMENT_ROOT' => '/reporting_app/web'
    'REMOTE_ADDR' => '172.17.0.1'
    'REMOTE_PORT' => '49148'
    'SERVER_SOFTWARE' => 'PHP 8.2.3 Development Server'
    'SERVER_PROTOCOL' => 'HTTP/1.1'
    'SERVER_NAME' => '0.0.0.0'
    'SERVER_PORT' => '8000'
    'REQUEST_URI' => '/reports'
    'REQUEST_METHOD' => 'GET'
    'SCRIPT_NAME' => '/index.php'
    'SCRIPT_FILENAME' => '/reporting_app/web/index.php'
    'PATH_INFO' => '/reports'
    'PHP_SELF' => '/index.php/reports'
    'HTTP_HOST' => '172.17.0.4:8000'
    'HTTP_USER_AGENT' => 'Mozilla/5.0 (X11; Linux x86_64; rv:102.0) Gecko/20100101 Firefox/102.0'
    'HTTP_ACCEPT' => 'text/html,application/xhtml+xml,application/xml;q=0.9,image/avif,image/webp,*/*;q=0.8'
    'HTTP_ACCEPT_LANGUAGE' => 'en-US,en;q=0.5'
    'HTTP_ACCEPT_ENCODING' => 'gzip, deflate'
    'HTTP_REFERER' => 'http://172.17.0.4:8000/users/auth'
    'HTTP_CONNECTION' => 'keep-alive'
    'HTTP_COOKIE' => 'PHPSESSID=30cf18cde758b5b8fb95ac5f46b0eddf; _csrf=9c039138d0a0ace89f58bec9ee21aa053a31ec9f9e799a3b7d7bbd033024afd3a%3A2%3A%7Bi%3A0%3Bs%3A5%3A%22_csrf%22%3Bi%3A1%3Bs%3A32%3A%22u5tKPiV5v0MoseW1Niyg6ZHTpsx6nfwW%22%3B%7D'
    'HTTP_UPGRADE_INSECURE_REQUESTS' => '1'
    'REQUEST_TIME_FLOAT' => 1677169193.5983
    'REQUEST_TIME' => 1677169193
    'argv' => []
    'argc' => 0
    'DB_USER' => 'db_user'
    'DB_PASSWORD' => '12345'
    'DB_NAME' => 'reporting'
    'DB_HOST' => '172.17.0.2'
    'DB_PORT' => '3308'
    'PASSWORD_SALT' => 'asQ2?12UI'
    'ACCESS_TOKEN_SALT' => 'sdQWsM096'
    'REFRESH_TOKEN_SALT' => '2sdERKC0!'
]
2023-02-23 16:20:39 [172.17.0.1][-][-][error][yii\web\HttpException:404] yii\base\InvalidRouteException: Unable to resolve the request "report". in /vendor/yiisoft/yii2/base/Module.php:561
Stack trace:
#0 /vendor/yiisoft/yii2/web/Application.php(103): yii\base\Module->runAction('report', Array)
#1 /vendor/yiisoft/yii2/base/Application.php(384): yii\web\Application->handleRequest(Object(yii\web\Request))
#2 /reporting_app/web/index.php(19): yii\base\Application->run()
#3 {main}

Next yii\web\NotFoundHttpException: Page not found. in /vendor/yiisoft/yii2/web/Application.php:115
Stack trace:
#0 /vendor/yiisoft/yii2/base/Application.php(384): yii\web\Application->handleRequest(Object(yii\web\Request))
#1 /reporting_app/web/index.php(19): yii\base\Application->run()
#2 {main}
2023-02-23 16:20:39 [172.17.0.1][-][-][info][application] $_GET = []

$_POST = []

$_FILES = []

$_COOKIE = [
    'PHPSESSID' => '30cf18cde758b5b8fb95ac5f46b0eddf'
    '_csrf' => '9c039138d0a0ace89f58bec9ee21aa053a31ec9f9e799a3b7d7bbd033024afd3a:2:{i:0;s:5:\"_csrf\";i:1;s:32:\"u5tKPiV5v0MoseW1Niyg6ZHTpsx6nfwW\";}'
]

$_SERVER = [
    'DOCUMENT_ROOT' => '/reporting_app/web'
    'REMOTE_ADDR' => '172.17.0.1'
    'REMOTE_PORT' => '32966'
    'SERVER_SOFTWARE' => 'PHP 8.2.3 Development Server'
    'SERVER_PROTOCOL' => 'HTTP/1.1'
    'SERVER_NAME' => '0.0.0.0'
    'SERVER_PORT' => '8000'
    'REQUEST_URI' => '/report'
    'REQUEST_METHOD' => 'GET'
    'SCRIPT_NAME' => '/index.php'
    'SCRIPT_FILENAME' => '/reporting_app/web/index.php'
    'PATH_INFO' => '/report'
    'PHP_SELF' => '/index.php/report'
    'HTTP_HOST' => '172.17.0.4:8000'
    'HTTP_USER_AGENT' => 'Mozilla/5.0 (X11; Linux x86_64; rv:102.0) Gecko/20100101 Firefox/102.0'
    'HTTP_ACCEPT' => 'text/html,application/xhtml+xml,application/xml;q=0.9,image/avif,image/webp,*/*;q=0.8'
    'HTTP_ACCEPT_LANGUAGE' => 'en-US,en;q=0.5'
    'HTTP_ACCEPT_ENCODING' => 'gzip, deflate'
    'HTTP_CONNECTION' => 'keep-alive'
    'HTTP_COOKIE' => 'PHPSESSID=30cf18cde758b5b8fb95ac5f46b0eddf; _csrf=9c039138d0a0ace89f58bec9ee21aa053a31ec9f9e799a3b7d7bbd033024afd3a%3A2%3A%7Bi%3A0%3Bs%3A5%3A%22_csrf%22%3Bi%3A1%3Bs%3A32%3A%22u5tKPiV5v0MoseW1Niyg6ZHTpsx6nfwW%22%3B%7D'
    'HTTP_UPGRADE_INSECURE_REQUESTS' => '1'
    'REQUEST_TIME_FLOAT' => 1677169239.3801
    'REQUEST_TIME' => 1677169239
    'argv' => []
    'argc' => 0
    'DB_USER' => 'db_user'
    'DB_PASSWORD' => '12345'
    'DB_NAME' => 'reporting'
    'DB_HOST' => '172.17.0.2'
    'DB_PORT' => '3308'
    'PASSWORD_SALT' => 'asQ2?12UI'
    'ACCESS_TOKEN_SALT' => 'sdQWsM096'
    'REFRESH_TOKEN_SALT' => '2sdERKC0!'
]
2023-02-23 16:20:49 [172.17.0.1][-][-][info][yii\web\Session::open] Session started
2023-02-23 16:20:49 [172.17.0.1][-][-][info][yii\db\Command::query] SELECT * FROM users WHERE id=:id
2023-02-23 16:20:49 [172.17.0.1][-][-][info][yii\db\Connection::open] Opening DB connection: mysql:host=172.17.0.2;dbname=reporting;port=3308
2023-02-23 16:20:49 [172.17.0.1][-][-][profile begin][yii\db\Connection::open] Opening DB connection: mysql:host=172.17.0.2;dbname=reporting;port=3308
2023-02-23 16:20:49 [172.17.0.1][-][-][profile end][yii\db\Connection::open] Opening DB connection: mysql:host=172.17.0.2;dbname=reporting;port=3308
2023-02-23 16:20:49 [172.17.0.1][-][-][profile begin][yii\db\Command::query] SELECT * FROM users WHERE id=:id
2023-02-23 16:20:49 [172.17.0.1][-][-][profile end][yii\db\Command::query] SELECT * FROM users WHERE id=:id
2023-02-23 16:20:49 [172.17.0.1][-][-][info][application] $_GET = []

$_POST = []

$_FILES = []

$_COOKIE = [
    'PHPSESSID' => '30cf18cde758b5b8fb95ac5f46b0eddf'
    '_csrf' => '9c039138d0a0ace89f58bec9ee21aa053a31ec9f9e799a3b7d7bbd033024afd3a:2:{i:0;s:5:\"_csrf\";i:1;s:32:\"u5tKPiV5v0MoseW1Niyg6ZHTpsx6nfwW\";}'
]

$_SESSION = [
    '__flash' => []
    'access_token' => 'eyJ0eXAiOiJKV1QiLCJhbGciOiJIUzI1NiJ9.eyJpc3MiOiI4N2Q2OWM1OC1hMTQyLTRhZGUtOGYwMi1mNjA3ODIzYzFjOWEiLCJpYXQiOjE2NzcxNjkxOTMsImV4cCI6MTY3NzE3MDA5M30.QVlMgM7aDDSRgKsPmNDtLxtT1DKXhT1b6lhGYaj2I1Q'
    'refresh_token' => 'eyJ0eXAiOiJKV1QiLCJhbGciOiJIUzI1NiJ9.eyJpc3MiOiI4N2Q2OWM1OC1hMTQyLTRhZGUtOGYwMi1mNjA3ODIzYzFjOWEiLCJpYXQiOjE2NzcxNjkxOTMsImV4cCI6MTY3NzI1NTU5M30.p_O-Nbd4cQ-rN4FbpQMMNYhISsOhh8I9xZKWuFkcGus'
]

$_SERVER = [
    'DOCUMENT_ROOT' => '/reporting_app/web'
    'REMOTE_ADDR' => '172.17.0.1'
    'REMOTE_PORT' => '44148'
    'SERVER_SOFTWARE' => 'PHP 8.2.3 Development Server'
    'SERVER_PROTOCOL' => 'HTTP/1.1'
    'SERVER_NAME' => '0.0.0.0'
    'SERVER_PORT' => '8000'
    'REQUEST_URI' => '/users/new'
    'REQUEST_METHOD' => 'GET'
    'SCRIPT_NAME' => '/index.php'
    'SCRIPT_FILENAME' => '/reporting_app/web/index.php'
    'PATH_INFO' => '/users/new'
    'PHP_SELF' => '/index.php/users/new'
    'HTTP_HOST' => '172.17.0.4:8000'
    'HTTP_USER_AGENT' => 'Mozilla/5.0 (X11; Linux x86_64; rv:102.0) Gecko/20100101 Firefox/102.0'
    'HTTP_ACCEPT' => 'text/html,application/xhtml+xml,application/xml;q=0.9,image/avif,image/webp,*/*;q=0.8'
    'HTTP_ACCEPT_LANGUAGE' => 'en-US,en;q=0.5'
    'HTTP_ACCEPT_ENCODING' => 'gzip, deflate'
    'HTTP_CONNECTION' => 'keep-alive'
    'HTTP_COOKIE' => 'PHPSESSID=30cf18cde758b5b8fb95ac5f46b0eddf; _csrf=9c039138d0a0ace89f58bec9ee21aa053a31ec9f9e799a3b7d7bbd033024afd3a%3A2%3A%7Bi%3A0%3Bs%3A5%3A%22_csrf%22%3Bi%3A1%3Bs%3A32%3A%22u5tKPiV5v0MoseW1Niyg6ZHTpsx6nfwW%22%3B%7D'
    'HTTP_UPGRADE_INSECURE_REQUESTS' => '1'
    'REQUEST_TIME_FLOAT' => 1677169249.8395
    'REQUEST_TIME' => 1677169249
    'argv' => []
    'argc' => 0
    'DB_USER' => 'db_user'
    'DB_PASSWORD' => '12345'
    'DB_NAME' => 'reporting'
    'DB_HOST' => '172.17.0.2'
    'DB_PORT' => '3308'
    'PASSWORD_SALT' => 'asQ2?12UI'
    'ACCESS_TOKEN_SALT' => 'sdQWsM096'
    'REFRESH_TOKEN_SALT' => '2sdERKC0!'
]
